2021-05-20 16:24:36,620 INFO [main] [DatabaseManager.java:34] Соединение с базой данных установлено
2021-05-20 16:24:36,713 INFO [main] [Server.java:67] Сервер запускается...
2021-05-20 16:24:36,714 INFO [main] [Server.java:111] Фабрика сокетов создана
2021-05-20 16:24:36,717 INFO [main] [Server.java:123] Прослушивается порт 3132
2021-05-20 16:24:38,766 INFO [main] [Server.java:125] Соединение с клиентом, находящимся по адресу /127.0.0.1:58446, установлено
2021-05-20 16:24:38,768 INFO [main] [Server.java:123] Прослушивается порт 3132
2021-05-20 16:24:53,919 INFO [pool-1-thread-1] [ClientConnection.java:43] Аутентификация пользователя прошла успешно
2021-05-20 16:24:53,927 INFO [pool-1-thread-1] [ClientConnection.java:49] Список доступных команд отправлен клиенту
2021-05-20 16:24:57,176 INFO [pool-1-thread-1] [RequestProcessor.java:43] Исполняется команда show
2021-05-20 16:25:28,534 INFO [pool-1-thread-1] [RequestProcessor.java:43] Исполняется команда remove_all_by_screenwriter
2021-05-20 16:25:32,450 INFO [pool-1-thread-1] [RequestProcessor.java:43] Исполняется команда show
2021-05-20 16:25:36,971 INFO [pool-1-thread-1] [RequestProcessor.java:43] Исполняется команда exit
2021-05-20 16:25:36,972 INFO [pool-1-thread-1] [ClientConnection.java:58] Клиент завершил работу с помощью команды exit
2021-05-20 16:25:36,972 INFO [pool-1-thread-1] [ClientConnection.java:75] Клиент успешно отключается
2021-05-20 16:25:41,509 INFO [main] [Server.java:125] Соединение с клиентом, находящимся по адресу /127.0.0.1:58457, установлено
2021-05-20 16:25:41,509 INFO [main] [Server.java:123] Прослушивается порт 3132
2021-05-20 16:25:55,639 INFO [pool-1-thread-2] [ClientConnection.java:43] Аутентификация пользователя прошла успешно
2021-05-20 16:25:55,644 INFO [pool-1-thread-2] [ClientConnection.java:49] Список доступных команд отправлен клиенту
2021-05-20 16:26:07,320 INFO [pool-1-thread-2] [RequestProcessor.java:43] Исполняется команда show
2021-05-20 16:26:35,780 INFO [pool-1-thread-2] [RequestProcessor.java:43] Исполняется команда remove_all_by_screenwriter
2021-05-20 16:26:40,348 INFO [pool-1-thread-2] [RequestProcessor.java:43] Исполняется команда show
2021-05-20 16:26:49,427 INFO [pool-1-thread-2] [RequestProcessor.java:43] Исполняется команда exit
2021-05-20 16:26:49,428 INFO [pool-1-thread-2] [ClientConnection.java:58] Клиент завершил работу с помощью команды exit
2021-05-20 16:26:49,428 INFO [pool-1-thread-2] [ClientConnection.java:75] Клиент успешно отключается
